<?xml version="1.0" encoding="UTF-8"?>
<testsuite name="IntroLabTest" tests="2" skipped="0" failures="0" errors="0" timestamp="2022-09-12T19:26:27" hostname="Gabrielas-MacBook-Pro.local" time="0.06">
  <properties/>
  <testcase name="testJanggabr" classname="IntroLabTest" time="0.059"/>
  <testcase name="testExampleStudent" classname="IntroLabTest" time="0.0"/>
  <system-out><![CDATA[]]></system-out>
  <system-err><![CDATA[]]></system-err>
</testsuite>
